<?xml version="1.0" encoding="UTF-8"?>
<!-- Generated by org.testng.reporters.JUnitXMLReporter -->
<testsuite ignored="0" hostname="Babloo" failures="0" tests="4" name="ClassLevelTests" time="32.539" errors="0" timestamp="2024-07-29T12:26:42 PDT">
  <testcase classname="com.contest.tests.TelecomProjectTests" name="addCustomerTest" time="6.384"/>
  <testcase classname="com.contest.tests.TelecomProjectTests" name="addTarrifPlanTest" time="9.497"/>
  <testcase classname="com.contest.tests.TelecomProjectTests" name="addTarrifPlanToCustomerTest" time="6.773"/>
  <testcase classname="com.contest.tests.TelecomProjectTests" name="payBillingTest" time="9.813"/>
</testsuite> <!-- ClassLevelTests -->
