<?xml version="1.0" encoding="UTF-8"?>
<testng-results ignored="0" total="4" passed="4" failed="0" skipped="0">
  <reporter-output>
  </reporter-output>
  <suite started-at="2024-07-29T12:26:09 PDT" name="Suite1" finished-at="2024-07-29T12:26:42 PDT" duration-ms="32539">
    <groups>
    </groups>
    <test started-at="2024-07-29T12:26:09 PDT" name="ClassLevelTests" finished-at="2024-07-29T12:26:42 PDT" duration-ms="32539">
      <class name="com.contest.tests.TelecomProjectTests">
        <test-method is-config="true" signature="setUp()[pri:0, instance:com.contest.tests.TelecomProjectTests@63f259c3]" started-at="2024-07-29T12:26:07 PDT" name="setUp" finished-at="2024-07-29T12:26:09 PDT" duration-ms="1573" status="PASS">
          <reporter-output>
          </reporter-output>
        </test-method> <!-- setUp -->
        <test-method signature="addCustomerTest()[pri:0, instance:com.contest.tests.TelecomProjectTests@63f259c3]" started-at="2024-07-29T12:26:09 PDT" name="addCustomerTest" finished-at="2024-07-29T12:26:15 PDT" duration-ms="6384" status="PASS">
          <reporter-output>
          </reporter-output>
        </test-method> <!-- addCustomerTest -->
        <test-method signature="addTarrifPlanTest()[pri:0, instance:com.contest.tests.TelecomProjectTests@63f259c3]" started-at="2024-07-29T12:26:15 PDT" name="addTarrifPlanTest" finished-at="2024-07-29T12:26:25 PDT" duration-ms="9497" status="PASS">
          <reporter-output>
          </reporter-output>
        </test-method> <!-- addTarrifPlanTest -->
        <test-method signature="addTarrifPlanToCustomerTest()[pri:0, instance:com.contest.tests.TelecomProjectTests@63f259c3]" started-at="2024-07-29T12:26:25 PDT" name="addTarrifPlanToCustomerTest" finished-at="2024-07-29T12:26:32 PDT" duration-ms="6773" status="PASS">
          <reporter-output>
          </reporter-output>
        </test-method> <!-- addTarrifPlanToCustomerTest -->
        <test-method signature="payBillingTest()[pri:0, instance:com.contest.tests.TelecomProjectTests@63f259c3]" started-at="2024-07-29T12:26:32 PDT" name="payBillingTest" finished-at="2024-07-29T12:26:42 PDT" duration-ms="9813" status="PASS">
          <reporter-output>
          </reporter-output>
        </test-method> <!-- payBillingTest -->
        <test-method is-config="true" signature="tearDown()[pri:0, instance:com.contest.tests.TelecomProjectTests@63f259c3]" started-at="2024-07-29T12:26:42 PDT" name="tearDown" finished-at="2024-07-29T12:26:43 PDT" duration-ms="463" status="PASS">
          <reporter-output>
          </reporter-output>
        </test-method> <!-- tearDown -->
      </class> <!-- com.contest.tests.TelecomProjectTests -->
    </test> <!-- ClassLevelTests -->
  </suite> <!-- Suite1 -->
</testng-results>
